0 info it worked if it ends with ok
1 verbose cli [ '/usr/local/bin/node', '/usr/local/bin/npm', 'publish' ]
2 info using npm@3.3.12
3 info using node@v5.4.0
4 verbose publish [ '.' ]
5 silly cache add args [ '.', null ]
6 verbose cache add spec .
7 silly cache add parsed spec Result {
7 silly cache add   raw: '.',
7 silly cache add   scope: null,
7 silly cache add   name: null,
7 silly cache add   rawSpec: '.',
7 silly cache add   spec: '/Users/khs/www/eslint-config-secoya',
7 silly cache add   type: 'directory' }
8 verbose addLocalDirectory /Users/khs/.npm/eslint-config-secoya/1.0.0/package.tgz not in flight; packing
9 info lifecycle eslint-config-secoya@1.0.0~prepublish: eslint-config-secoya@1.0.0
10 silly lifecycle eslint-config-secoya@1.0.0~prepublish: no script for prepublish, continuing
11 verbose tar pack [ '/Users/khs/.npm/eslint-config-secoya/1.0.0/package.tgz',
11 verbose tar pack   '/Users/khs/www/eslint-config-secoya' ]
12 verbose tarball /Users/khs/.npm/eslint-config-secoya/1.0.0/package.tgz
13 verbose folder /Users/khs/www/eslint-config-secoya
14 verbose addLocalTarball adding from inside cache /Users/khs/.npm/eslint-config-secoya/1.0.0/package.tgz
15 silly cache afterAdd eslint-config-secoya@1.0.0
16 verbose afterAdd /Users/khs/.npm/eslint-config-secoya/1.0.0/package/package.json not in flight; writing
17 verbose afterAdd /Users/khs/.npm/eslint-config-secoya/1.0.0/package/package.json written
18 silly publish { name: 'eslint-config-secoya',
18 silly publish   version: '1.0.0',
18 silly publish   description: 'Secoya JS eslint base config',
18 silly publish   main: 'index.js',
18 silly publish   scripts: { test: 'echo "Error: no test specified" && exit 1' },
18 silly publish   repository:
18 silly publish    { type: 'git',
18 silly publish      url: 'git+https://github.com/secoya/eslint-config-secoya.git' },
18 silly publish   keywords: [ 'eslint', 'secoya' ],
18 silly publish   author: { name: 'Kaare Hoff Skovgaard', email: 'khs@secoya.dk' },
18 silly publish   license: 'Apache-2.0',
18 silly publish   bugs: { url: 'https://github.com/secoya/eslint-config-secoya/issues' },
18 silly publish   homepage: 'https://github.com/secoya/eslint-config-secoya#readme',
18 silly publish   dependencies:
18 silly publish    { 'babel-eslint': '6.1.2',
18 silly publish      'eslint-config-fbjs': '1.0.0',
18 silly publish      'eslint-plugin-babel': '3.3.0',
18 silly publish      'eslint-plugin-flow-vars': '0.4.0',
18 silly publish      'eslint-plugin-react': '5.2.2' },
18 silly publish   gitHead: '41b3301b93a7c2d6145081e94399bfa1a250b0ae',
18 silly publish   readme: 'ERROR: No README data found!',
18 silly publish   _id: 'eslint-config-secoya@1.0.0',
18 silly publish   _shasum: 'd4c95d552776af9c97a69262dabacfd1281a0982',
18 silly publish   _from: '.' }
19 verbose getPublishConfig undefined
20 silly mapToRegistry name eslint-config-secoya
21 silly mapToRegistry using default registry
22 silly mapToRegistry registry https://registry.npmjs.org/
23 silly mapToRegistry uri https://registry.npmjs.org/eslint-config-secoya
24 verbose publish registryBase https://registry.npmjs.org/
25 silly publish uploading /Users/khs/.npm/eslint-config-secoya/1.0.0/package.tgz
26 verbose request uri https://registry.npmjs.org/eslint-config-secoya
27 verbose request sending authorization for write operation
28 info attempt registry request try #1 at 1:54:55 PM
29 verbose request using bearer token for auth
30 verbose request id d4e30098ca88d8fb
31 http request PUT https://registry.npmjs.org/eslint-config-secoya
32 http 403 https://registry.npmjs.org/eslint-config-secoya
33 verbose headers { 'content-type': 'application/json',
33 verbose headers   'cache-control': 'max-age=300',
33 verbose headers   'content-length': '95',
33 verbose headers   'accept-ranges': 'bytes',
33 verbose headers   date: 'Fri, 15 Jul 2016 11:54:56 GMT',
33 verbose headers   via: '1.1 varnish',
33 verbose headers   connection: 'keep-alive',
33 verbose headers   'x-served-by': 'cache-fra1233-FRA',
33 verbose headers   'x-cache': 'MISS',
33 verbose headers   'x-cache-hits': '0',
33 verbose headers   'x-timer': 'S1468583695.463342,VS0,VE968',
33 verbose headers   vary: 'Accept-Encoding' }
34 verbose request invalidating /Users/khs/.npm/registry.npmjs.org/eslint-config-secoya on PUT
35 error publish Failed PUT 403
36 verbose stack Error: "You cannot publish over the previously published version 1.0.0." : eslint-config-secoya
36 verbose stack     at makeError (/usr/local/lib/node_modules/npm/node_modules/npm-registry-client/lib/request.js:264:12)
36 verbose stack     at CachingRegistryClient.<anonymous> (/usr/local/lib/node_modules/npm/node_modules/npm-registry-client/lib/request.js:252:14)
36 verbose stack     at Request._callback (/usr/local/lib/node_modules/npm/node_modules/npm-registry-client/lib/request.js:172:14)
36 verbose stack     at Request.self.callback (/usr/local/lib/node_modules/npm/node_modules/request/request.js:198:22)
36 verbose stack     at emitTwo (events.js:87:13)
36 verbose stack     at Request.emit (events.js:172:7)
36 verbose stack     at Request.<anonymous> (/usr/local/lib/node_modules/npm/node_modules/request/request.js:1082:10)
36 verbose stack     at emitOne (events.js:82:20)
36 verbose stack     at Request.emit (events.js:169:7)
36 verbose stack     at IncomingMessage.<anonymous> (/usr/local/lib/node_modules/npm/node_modules/request/request.js:1009:12)
37 verbose statusCode 403
38 verbose pkgid eslint-config-secoya
39 verbose cwd /Users/khs/www/eslint-config-secoya
40 error Darwin 15.3.0
41 error argv "/usr/local/bin/node" "/usr/local/bin/npm" "publish"
42 error node v5.4.0
43 error npm  v3.3.12
44 error code E403
45 error "You cannot publish over the previously published version 1.0.0." : eslint-config-secoya
46 error If you need help, you may report this error at:
46 error     <https://github.com/npm/npm/issues>
47 verbose exit [ 1, true ]
